<?xml version="1.0" encoding="UTF-8"?>
<testng-results skipped="0" failed="3" ignored="1" total="6" passed="2">
  <reporter-output>
  </reporter-output>
  <suite name="SalesForce" duration-ms="201469" started-at="2021-09-10T17:04:39 EDT" finished-at="2021-09-10T17:08:01 EDT">
    <groups>
    </groups>
    <test name="Test" duration-ms="201469" started-at="2021-09-10T17:04:39 EDT" finished-at="2021-09-10T17:08:01 EDT">
      <class name="com.tesng.classCreate.createAccount">
        <test-method status="PASS" signature="initialize()[pri:0, instance:com.tesng.classCreate.createAccount@4e4aea35]" name="initialize" is-config="true" duration-ms="2373" started-at="2021-09-10T17:05:46 EDT" finished-at="2021-09-10T17:05:48 EDT">
          <reporter-output>
          </reporter-output>
        </test-method> <!-- initialize -->
        <test-method status="PASS" signature="login(java.lang.String,java.lang.String,java.lang.String)[pri:0, instance:com.tesng.classCreate.createAccount@4e4aea35]" name="login" is-config="true" duration-ms="11383" started-at="2021-09-10T17:05:48 EDT" finished-at="2021-09-10T17:06:00 EDT">
          <params>
            <param index="0">
              <value>
                <![CDATA[https://login.salesforce.com]]>
              </value>
            </param>
            <param index="1">
              <value>
                <![CDATA[matschie@testleaf.com]]>
              </value>
            </param>
            <param index="2">
              <value>
                <![CDATA[SelBootcamp$123]]>
              </value>
            </param>
          </params>
          <reporter-output>
          </reporter-output>
        </test-method> <!-- login -->
        <test-method status="FAIL" signature="runcreateAccount()[pri:0, instance:com.tesng.classCreate.createAccount@4e4aea35]" name="runcreateAccount" duration-ms="34838" started-at="2021-09-10T17:06:00 EDT" depends-on-methods="com.tesng.classCreate.EditWorkType.runEditWorkType" finished-at="2021-09-10T17:06:34 EDT">
          <exception class="org.testng.TestException">
            <message>
              <![CDATA[
Method createAccount.runcreateAccount()[pri:0, instance:com.tesng.classCreate.createAccount@4e4aea35] should have thrown an exception of type class java.util.NoSuchElementException]]>
            </message>
            <full-stacktrace>
              <![CDATA[org.testng.TestException: 
Method createAccount.runcreateAccount()[pri:0, instance:com.tesng.classCreate.createAccount@4e4aea35] should have thrown an exception of type class java.util.NoSuchElementException
at org.testng.internal.ExpectedExceptionsHolder.noException(ExpectedExceptionsHolder.java:82)
at org.testng.internal.TestInvoker.considerExceptions(TestInvoker.java:749)
at org.testng.internal.TestInvoker.invokeMethod(TestInvoker.java:634)
at org.testng.internal.TestInvoker.invokeTestMethod(TestInvoker.java:173)
at org.testng.internal.MethodRunner.runInSequence(MethodRunner.java:46)
at org.testng.internal.TestInvoker$MethodInvocationAgent.invoke(TestInvoker.java:824)
at org.testng.internal.TestInvoker.invokeTestMethods(TestInvoker.java:146)
at org.testng.internal.TestMethodWorker.invokeTestMethods(TestMethodWorker.java:146)
at org.testng.internal.TestMethodWorker.run(TestMethodWorker.java:128)
at java.util.concurrent.ThreadPoolExecutor.runWorker(ThreadPoolExecutor.java:1149)
at java.util.concurrent.ThreadPoolExecutor$Worker.run(ThreadPoolExecutor.java:624)
at java.lang.Thread.run(Thread.java:748)
]]>
            </full-stacktrace>
          </exception> <!-- org.testng.TestException -->
          <reporter-output>
          </reporter-output>
        </test-method> <!-- runcreateAccount -->
        <test-method status="PASS" signature="login(java.lang.String,java.lang.String,java.lang.String)[pri:0, instance:com.tesng.classCreate.createAccount@4e4aea35]" name="login" is-config="true" duration-ms="6379" started-at="2021-09-10T17:06:34 EDT" finished-at="2021-09-10T17:06:41 EDT">
          <params>
            <param index="0">
              <value>
                <![CDATA[https://login.salesforce.com]]>
              </value>
            </param>
            <param index="1">
              <value>
                <![CDATA[matschie@testleaf.com]]>
              </value>
            </param>
            <param index="2">
              <value>
                <![CDATA[SelBootcamp$123]]>
              </value>
            </param>
          </params>
          <reporter-output>
          </reporter-output>
        </test-method> <!-- login -->
        <test-method status="FAIL" signature="runcreateAccount()[pri:0, instance:com.tesng.classCreate.createAccount@4e4aea35]" name="runcreateAccount" duration-ms="18005" started-at="2021-09-10T17:06:41 EDT" depends-on-methods="com.tesng.classCreate.EditWorkType.runEditWorkType" finished-at="2021-09-10T17:06:59 EDT">
          <exception class="org.testng.TestException">
            <message>
              <![CDATA[
Expected exception of type class java.util.NoSuchElementException but got org.openqa.selenium.NoSuchElementException: no such element: Unable to locate element: {"method":"xpath","selector":"//div[@class='slds-icon-waffle']"}
  (Session info: chrome=92.0.4515.159)
For documentation on this error, please visit: https://selenium.dev/exceptions/#no_such_element
Build info: version: '4.0.0-alpha-6', revision: '5f43a29cfc'
System info: host: 'LAPTOP-PB9UQNVS', ip: '192.168.0.19', os.name: 'Windows 10', os.arch: 'amd64', os.version: '10.0', java.version: '1.8.0_271'
Driver info: org.openqa.selenium.chrome.ChromeDriver
Capabilities {acceptInsecureCerts: false, browserName: chrome, browserVersion: 92.0.4515.159, chrome: {chromedriverVersion: 92.0.4515.107 (87a818b10553..., userDataDir: C:\Users\krido\AppData\Loca...}, goog:chromeOptions: {debuggerAddress: localhost:59745}, javascriptEnabled: true, networkConnectionEnabled: false, pageLoadStrategy: normal, platform: WINDOWS, platformName: WINDOWS, proxy: Proxy(), setWindowRect: true, strictFileInteractability: false, timeouts: {implicit: 0, pageLoad: 300000, script: 30000}, unhandledPromptBehavior: dismiss and notify, webauthn:extension:credBlob: true, webauthn:extension:largeBlob: true, webauthn:virtualAuthenticators: true}
Session ID: 4d4884373c393ea631e809695a6d3498
*** Element info: {Using=xpath, value=//div[@class='slds-icon-waffle']}]]>
            </message>
            <full-stacktrace>
              <![CDATA[org.testng.TestException: 
Expected exception of type class java.util.NoSuchElementException but got org.openqa.selenium.NoSuchElementException: no such element: Unable to locate element: {"method":"xpath","selector":"//div[@class='slds-icon-waffle']"}
  (Session info: chrome=92.0.4515.159)
For documentation on this error, please visit: https://selenium.dev/exceptions/#no_such_element
Build info: version: '4.0.0-alpha-6', revision: '5f43a29cfc'
System info: host: 'LAPTOP-PB9UQNVS', ip: '192.168.0.19', os.name: 'Windows 10', os.arch: 'amd64', os.version: '10.0', java.version: '1.8.0_271'
Driver info: org.openqa.selenium.chrome.ChromeDriver
Capabilities {acceptInsecureCerts: false, browserName: chrome, browserVersion: 92.0.4515.159, chrome: {chromedriverVersion: 92.0.4515.107 (87a818b10553..., userDataDir: C:\Users\krido\AppData\Loca...}, goog:chromeOptions: {debuggerAddress: localhost:59745}, javascriptEnabled: true, networkConnectionEnabled: false, pageLoadStrategy: normal, platform: WINDOWS, platformName: WINDOWS, proxy: Proxy(), setWindowRect: true, strictFileInteractability: false, timeouts: {implicit: 0, pageLoad: 300000, script: 30000}, unhandledPromptBehavior: dismiss and notify, webauthn:extension:credBlob: true, webauthn:extension:largeBlob: true, webauthn:virtualAuthenticators: true}
Session ID: 4d4884373c393ea631e809695a6d3498
*** Element info: {Using=xpath, value=//div[@class='slds-icon-waffle']}
at org.testng.internal.ExpectedExceptionsHolder.wrongException(ExpectedExceptionsHolder.java:68)
at org.testng.internal.TestInvoker.considerExceptions(TestInvoker.java:739)
at org.testng.internal.TestInvoker.invokeMethod(TestInvoker.java:634)
at org.testng.internal.TestInvoker.invokeTestMethod(TestInvoker.java:173)
at org.testng.internal.MethodRunner.runInSequence(MethodRunner.java:46)
at org.testng.internal.TestInvoker$MethodInvocationAgent.invoke(TestInvoker.java:824)
at org.testng.internal.TestInvoker.invokeTestMethods(TestInvoker.java:146)
at org.testng.internal.TestMethodWorker.invokeTestMethods(TestMethodWorker.java:146)
at org.testng.internal.TestMethodWorker.run(TestMethodWorker.java:128)
at java.util.concurrent.ThreadPoolExecutor.runWorker(ThreadPoolExecutor.java:1149)
at java.util.concurrent.ThreadPoolExecutor$Worker.run(ThreadPoolExecutor.java:624)
at java.lang.Thread.run(Thread.java:748)
Caused by: org.openqa.selenium.NoSuchElementException: no such element: Unable to locate element: {"method":"xpath","selector":"//div[@class='slds-icon-waffle']"}
  (Session info: chrome=92.0.4515.159)
For documentation on this error, please visit: https://selenium.dev/exceptions/#no_such_element
Build info: version: '4.0.0-alpha-6', revision: '5f43a29cfc'
System info: host: 'LAPTOP-PB9UQNVS', ip: '192.168.0.19', os.name: 'Windows 10', os.arch: 'amd64', os.version: '10.0', java.version: '1.8.0_271'
Driver info: org.openqa.selenium.chrome.ChromeDriver
Capabilities {acceptInsecureCerts: false, browserName: chrome, browserVersion: 92.0.4515.159, chrome: {chromedriverVersion: 92.0.4515.107 (87a818b10553..., userDataDir: C:\Users\krido\AppData\Loca...}, goog:chromeOptions: {debuggerAddress: localhost:59745}, javascriptEnabled: true, networkConnectionEnabled: false, pageLoadStrategy: normal, platform: WINDOWS, platformName: WINDOWS, proxy: Proxy(), setWindowRect: true, strictFileInteractability: false, timeouts: {implicit: 0, pageLoad: 300000, script: 30000}, unhandledPromptBehavior: dismiss and notify, webauthn:extension:credBlob: true, webauthn:extension:largeBlob: true, webauthn:virtualAuthenticators: true}
Session ID: 4d4884373c393ea631e809695a6d3498
*** Element info: {Using=xpath, value=//div[@class='slds-icon-waffle']}
at sun.reflect.NativeConstructorAccessorImpl.newInstance0(Native Method)
at sun.reflect.NativeConstructorAccessorImpl.newInstance(NativeConstructorAccessorImpl.java:62)
at sun.reflect.DelegatingConstructorAccessorImpl.newInstance(DelegatingConstructorAccessorImpl.java:45)
at java.lang.reflect.Constructor.newInstance(Constructor.java:423)
at org.openqa.selenium.remote.codec.w3c.W3CHttpResponseCodec.createException(W3CHttpResponseCodec.java:196)
at org.openqa.selenium.remote.codec.w3c.W3CHttpResponseCodec.decode(W3CHttpResponseCodec.java:129)
at org.openqa.selenium.remote.codec.w3c.W3CHttpResponseCodec.decode(W3CHttpResponseCodec.java:53)
at org.openqa.selenium.remote.HttpCommandExecutor.execute(HttpCommandExecutor.java:160)
at org.openqa.selenium.remote.service.DriverCommandExecutor.execute(DriverCommandExecutor.java:83)
at org.openqa.selenium.remote.RemoteWebDriver.execute(RemoteWebDriver.java:582)
at org.openqa.selenium.remote.RemoteWebDriver.findElement(RemoteWebDriver.java:333)
at org.openqa.selenium.remote.RemoteWebDriver.findElementByXPath(RemoteWebDriver.java:451)
at org.openqa.selenium.By$ByXPath.findElement(By.java:394)
at org.openqa.selenium.remote.RemoteWebDriver.findElement(RemoteWebDriver.java:325)
at com.tesng.classCreate.createAccount.runcreateAccount(createAccount.java:22)
at sun.reflect.NativeMethodAccessorImpl.invoke0(Native Method)
at sun.reflect.NativeMethodAccessorImpl.invoke(NativeMethodAccessorImpl.java:62)
at sun.reflect.DelegatingMethodAccessorImpl.invoke(DelegatingMethodAccessorImpl.java:43)
at java.lang.reflect.Method.invoke(Method.java:498)
at org.testng.internal.MethodInvocationHelper.invokeMethod(MethodInvocationHelper.java:133)
at org.testng.internal.TestInvoker.invokeMethod(TestInvoker.java:598)
... 9 more
]]>
            </full-stacktrace>
          </exception> <!-- org.testng.TestException -->
          <reporter-output>
          </reporter-output>
        </test-method> <!-- runcreateAccount -->
        <test-method status="PASS" signature="login(java.lang.String,java.lang.String,java.lang.String)[pri:0, instance:com.tesng.classCreate.createAccount@4e4aea35]" name="login" is-config="true" duration-ms="2792" started-at="2021-09-10T17:06:59 EDT" finished-at="2021-09-10T17:07:02 EDT">
          <params>
            <param index="0">
              <value>
                <![CDATA[https://login.salesforce.com]]>
              </value>
            </param>
            <param index="1">
              <value>
                <![CDATA[matschie@testleaf.com]]>
              </value>
            </param>
            <param index="2">
              <value>
                <![CDATA[SelBootcamp$123]]>
              </value>
            </param>
          </params>
          <reporter-output>
          </reporter-output>
        </test-method> <!-- login -->
        <test-method status="FAIL" signature="runcreateAccount()[pri:0, instance:com.tesng.classCreate.createAccount@4e4aea35]" name="runcreateAccount" duration-ms="58721" started-at="2021-09-10T17:07:02 EDT" depends-on-methods="com.tesng.classCreate.EditWorkType.runEditWorkType" finished-at="2021-09-10T17:08:00 EDT">
          <exception class="org.testng.TestException">
            <message>
              <![CDATA[
Method createAccount.runcreateAccount()[pri:0, instance:com.tesng.classCreate.createAccount@4e4aea35] should have thrown an exception of type class java.util.NoSuchElementException]]>
            </message>
            <full-stacktrace>
              <![CDATA[org.testng.TestException: 
Method createAccount.runcreateAccount()[pri:0, instance:com.tesng.classCreate.createAccount@4e4aea35] should have thrown an exception of type class java.util.NoSuchElementException
at org.testng.internal.ExpectedExceptionsHolder.noException(ExpectedExceptionsHolder.java:82)
at org.testng.internal.TestInvoker.considerExceptions(TestInvoker.java:749)
at org.testng.internal.TestInvoker.invokeMethod(TestInvoker.java:634)
at org.testng.internal.TestInvoker.invokeTestMethod(TestInvoker.java:173)
at org.testng.internal.MethodRunner.runInSequence(MethodRunner.java:46)
at org.testng.internal.TestInvoker$MethodInvocationAgent.invoke(TestInvoker.java:824)
at org.testng.internal.TestInvoker.invokeTestMethods(TestInvoker.java:146)
at org.testng.internal.TestMethodWorker.invokeTestMethods(TestMethodWorker.java:146)
at org.testng.internal.TestMethodWorker.run(TestMethodWorker.java:128)
at java.util.concurrent.ThreadPoolExecutor.runWorker(ThreadPoolExecutor.java:1149)
at java.util.concurrent.ThreadPoolExecutor$Worker.run(ThreadPoolExecutor.java:624)
at java.lang.Thread.run(Thread.java:748)
]]>
            </full-stacktrace>
          </exception> <!-- org.testng.TestException -->
          <reporter-output>
          </reporter-output>
        </test-method> <!-- runcreateAccount -->
        <test-method status="PASS" signature="close()[pri:0, instance:com.tesng.classCreate.createAccount@4e4aea35]" name="close" is-config="true" duration-ms="201" started-at="2021-09-10T17:08:00 EDT" finished-at="2021-09-10T17:08:01 EDT">
          <reporter-output>
          </reporter-output>
        </test-method> <!-- close -->
      </class> <!-- com.tesng.classCreate.createAccount -->
      <class name="com.tesng.classCreate.ServiceSortOrder">
        <test-method status="PASS" signature="initialize()[pri:0, instance:com.tesng.classCreate.ServiceSortOrder@76a4d6c]" name="initialize" is-config="true" duration-ms="9832" started-at="2021-09-10T17:04:39 EDT" finished-at="2021-09-10T17:04:49 EDT">
          <reporter-output>
          </reporter-output>
        </test-method> <!-- initialize -->
        <test-method status="PASS" signature="login(java.lang.String,java.lang.String,java.lang.String)[pri:0, instance:com.tesng.classCreate.ServiceSortOrder@76a4d6c]" name="login" is-config="true" duration-ms="3315" started-at="2021-09-10T17:04:49 EDT" finished-at="2021-09-10T17:04:52 EDT">
          <params>
            <param index="0">
              <value>
                <![CDATA[https://login.salesforce.com]]>
              </value>
            </param>
            <param index="1">
              <value>
                <![CDATA[matschie@testleaf.com]]>
              </value>
            </param>
            <param index="2">
              <value>
                <![CDATA[SelBootcamp$123]]>
              </value>
            </param>
          </params>
          <reporter-output>
          </reporter-output>
        </test-method> <!-- login -->
        <test-method status="PASS" signature="runServiceSortOrder()[pri:0, instance:com.tesng.classCreate.ServiceSortOrder@76a4d6c]" name="runServiceSortOrder" duration-ms="38691" started-at="2021-09-10T17:04:52 EDT" finished-at="2021-09-10T17:05:31 EDT">
          <reporter-output>
          </reporter-output>
        </test-method> <!-- runServiceSortOrder -->
        <test-method status="PASS" signature="close()[pri:0, instance:com.tesng.classCreate.ServiceSortOrder@76a4d6c]" name="close" is-config="true" duration-ms="55" started-at="2021-09-10T17:05:31 EDT" finished-at="2021-09-10T17:05:31 EDT">
          <reporter-output>
          </reporter-output>
        </test-method> <!-- close -->
      </class> <!-- com.tesng.classCreate.ServiceSortOrder -->
      <class name="com.tesng.classCreate.EditWorkType">
        <test-method status="PASS" signature="initialize()[pri:0, instance:com.tesng.classCreate.EditWorkType@588df31b]" name="initialize" is-config="true" duration-ms="9832" started-at="2021-09-10T17:04:39 EDT" finished-at="2021-09-10T17:04:49 EDT">
          <reporter-output>
          </reporter-output>
        </test-method> <!-- initialize -->
        <test-method status="PASS" signature="login(java.lang.String,java.lang.String,java.lang.String)[pri:0, instance:com.tesng.classCreate.EditWorkType@588df31b]" name="login" is-config="true" duration-ms="3416" started-at="2021-09-10T17:04:49 EDT" finished-at="2021-09-10T17:04:52 EDT">
          <params>
            <param index="0">
              <value>
                <![CDATA[https://login.salesforce.com]]>
              </value>
            </param>
            <param index="1">
              <value>
                <![CDATA[matschie@testleaf.com]]>
              </value>
            </param>
            <param index="2">
              <value>
                <![CDATA[SelBootcamp$123]]>
              </value>
            </param>
          </params>
          <reporter-output>
          </reporter-output>
        </test-method> <!-- login -->
        <test-method status="PASS" signature="runEditWorkType()[pri:1, instance:com.tesng.classCreate.EditWorkType@588df31b]" name="runEditWorkType" duration-ms="49245" started-at="2021-09-10T17:04:52 EDT" finished-at="2021-09-10T17:05:42 EDT">
          <reporter-output>
          </reporter-output>
        </test-method> <!-- runEditWorkType -->
        <test-method status="PASS" signature="close()[pri:0, instance:com.tesng.classCreate.EditWorkType@588df31b]" name="close" is-config="true" duration-ms="4166" started-at="2021-09-10T17:05:42 EDT" finished-at="2021-09-10T17:05:46 EDT">
          <reporter-output>
          </reporter-output>
        </test-method> <!-- close -->
      </class> <!-- com.tesng.classCreate.EditWorkType -->
    </test> <!-- Test -->
  </suite> <!-- SalesForce -->
</testng-results>
